<?xml version="1.0" encoding="UTF-8"?>
<!-- Generated by org.testng.reporters.JUnitXMLReporter -->
<testsuite ignored="0" hostname="DESKTOP-U4N0H90" failures="0" tests="4" name="Test" time="93.498" errors="0" timestamp="2022-03-16T20:56:41 CST">
  <testcase classname="SeleniumAcademy.HomePage" name="basePageNavigation" time="18.556"/>
  <testcase classname="SeleniumAcademy.HomePage" name="basePageNavigation" time="17.568"/>
  <testcase classname="SeleniumAcademy.ValidateTitle" name="basePageNavigation" time="0.034"/>
  <testcase classname="SeleniumAcademy.ValidateNavBar" name="basePageNavigation" time="0.045"/>
</testsuite> <!-- Test -->
