<?xml version="1.0" encoding="UTF-8"?>
<!-- Generated by org.testng.reporters.JUnitXMLReporter -->
<testsuite ignored="0" hostname="DESKTOP-U4N0H90" failures="0" tests="2" name="Validating title in the page" time="24.267" errors="0" timestamp="2022-04-14T15:36:59 CST">
  <testcase classname="SeleniumAcademy.ValidateTitle" name="basePageNavigation" time="0.058"/>
  <testcase classname="SeleniumAcademy.ValidateTitle" name="validateHeader" time="0.031"/>
</testsuite> <!-- Validating title in the page -->
